<?xml version="1.0" encoding="UTF-8"?>
<!-- Generated by org.testng.reporters.JUnitXMLReporter -->
<testsuite hostname="LAPTOP-CESQ05LJ" ignored="0" name="Surefire test" tests="30" failures="0" timestamp="2023-02-02T08:46:45 IST" time="0.206" errors="0">
  <testcase name="@BeforeMethod InitializeBrowser" time="-1.675307804962E9" classname="com.obsqura.ServiceApp.Base">
    <failure type="org.testng.TestNGException" message="
Parameter &amp;apos;browser&amp;apos; is required by BeforeMethod on method InitializeBrowser but has not been marked @Optional or defined
">
      <![CDATA[org.testng.TestNGException: 
Parameter 'browser' is required by BeforeMethod on method InitializeBrowser but has not been marked @Optional or defined

at java.util.ArrayList.forEach(ArrayList.java:1257)
... Removed 33 stack frames]]>
    </failure>
  </testcase> <!-- @BeforeMethod InitializeBrowser -->
  <testcase name="@AfterMethod browserQuit" time="0.012" classname="com.obsqura.ServiceApp.Base">
    <failure type="java.lang.NullPointerException">
      <![CDATA[java.lang.NullPointerException
at com.obsqura.ServiceApp.Base.browserQuit(Base.java:72)
at java.util.ArrayList.forEach(ArrayList.java:1257)
... Removed 37 stack frames]]>
    </failure>
  </testcase> <!-- @AfterMethod browserQuit -->
  <testcase name="@BeforeMethod InitializeBrowser" time="-1.675307805004E9" classname="com.obsqura.ServiceApp.Base">
    <failure type="org.testng.TestNGException" message="
Parameter &amp;apos;browser&amp;apos; is required by BeforeMethod on method InitializeBrowser but has not been marked @Optional or defined
">
      <![CDATA[org.testng.TestNGException: 
Parameter 'browser' is required by BeforeMethod on method InitializeBrowser but has not been marked @Optional or defined

at java.util.ArrayList.forEach(ArrayList.java:1257)
... Removed 33 stack frames]]>
    </failure>
  </testcase> <!-- @BeforeMethod InitializeBrowser -->
  <testcase name="@AfterMethod browserQuit" time="0.0" classname="com.obsqura.ServiceApp.Base">
    <failure type="java.lang.NullPointerException">
      <![CDATA[java.lang.NullPointerException
at com.obsqura.ServiceApp.Base.browserQuit(Base.java:72)
at java.util.ArrayList.forEach(ArrayList.java:1257)
... Removed 37 stack frames]]>
    </failure>
  </testcase> <!-- @AfterMethod browserQuit -->
  <testcase name="@BeforeMethod InitializeBrowser" time="-1.675307805008E9" classname="com.obsqura.ServiceApp.Base">
    <failure type="org.testng.TestNGException" message="
Parameter &amp;apos;browser&amp;apos; is required by BeforeMethod on method InitializeBrowser but has not been marked @Optional or defined
">
      <![CDATA[org.testng.TestNGException: 
Parameter 'browser' is required by BeforeMethod on method InitializeBrowser but has not been marked @Optional or defined

at java.util.ArrayList.forEach(ArrayList.java:1257)
... Removed 33 stack frames]]>
    </failure>
  </testcase> <!-- @BeforeMethod InitializeBrowser -->
  <testcase name="@AfterMethod browserQuit" time="0.001" classname="com.obsqura.ServiceApp.Base">
    <failure type="java.lang.NullPointerException">
      <![CDATA[java.lang.NullPointerException
at com.obsqura.ServiceApp.Base.browserQuit(Base.java:72)
at java.util.ArrayList.forEach(ArrayList.java:1257)
... Removed 37 stack frames]]>
    </failure>
  </testcase> <!-- @AfterMethod browserQuit -->
  <testcase name="@BeforeMethod InitializeBrowser" time="-1.675307805011E9" classname="com.obsqura.ServiceApp.Base">
    <failure type="org.testng.TestNGException" message="
Parameter &amp;apos;browser&amp;apos; is required by BeforeMethod on method InitializeBrowser but has not been marked @Optional or defined
">
      <![CDATA[org.testng.TestNGException: 
Parameter 'browser' is required by BeforeMethod on method InitializeBrowser but has not been marked @Optional or defined

at java.util.ArrayList.forEach(ArrayList.java:1257)
... Removed 33 stack frames]]>
    </failure>
  </testcase> <!-- @BeforeMethod InitializeBrowser -->
  <testcase name="@AfterMethod browserQuit" time="0.0" classname="com.obsqura.ServiceApp.Base">
    <failure type="java.lang.NullPointerException">
      <![CDATA[java.lang.NullPointerException
at com.obsqura.ServiceApp.Base.browserQuit(Base.java:72)
at java.util.ArrayList.forEach(ArrayList.java:1257)
... Removed 37 stack frames]]>
    </failure>
  </testcase> <!-- @AfterMethod browserQuit -->
  <testcase name="@BeforeMethod InitializeBrowser" time="-1.675307805016E9" classname="com.obsqura.ServiceApp.Base">
    <failure type="org.testng.TestNGException" message="
Parameter &amp;apos;browser&amp;apos; is required by BeforeMethod on method InitializeBrowser but has not been marked @Optional or defined
">
      <![CDATA[org.testng.TestNGException: 
Parameter 'browser' is required by BeforeMethod on method InitializeBrowser but has not been marked @Optional or defined

at java.util.ArrayList.forEach(ArrayList.java:1257)
... Removed 33 stack frames]]>
    </failure>
  </testcase> <!-- @BeforeMethod InitializeBrowser -->
  <testcase name="@AfterMethod browserQuit" time="0.001" classname="com.obsqura.ServiceApp.Base">
    <failure type="java.lang.NullPointerException">
      <![CDATA[java.lang.NullPointerException
at com.obsqura.ServiceApp.Base.browserQuit(Base.java:72)
at java.util.ArrayList.forEach(ArrayList.java:1257)
... Removed 37 stack frames]]>
    </failure>
  </testcase> <!-- @AfterMethod browserQuit -->
  <testcase name="@BeforeMethod InitializeBrowser" time="-1.675307805018E9" classname="com.obsqura.ServiceApp.Base">
    <failure type="org.testng.TestNGException" message="
Parameter &amp;apos;browser&amp;apos; is required by BeforeMethod on method InitializeBrowser but has not been marked @Optional or defined
">
      <![CDATA[org.testng.TestNGException: 
Parameter 'browser' is required by BeforeMethod on method InitializeBrowser but has not been marked @Optional or defined

at java.util.ArrayList.forEach(ArrayList.java:1257)
... Removed 33 stack frames]]>
    </failure>
  </testcase> <!-- @BeforeMethod InitializeBrowser -->
  <testcase name="@AfterMethod browserQuit" time="0.001" classname="com.obsqura.ServiceApp.Base">
    <failure type="java.lang.NullPointerException">
      <![CDATA[java.lang.NullPointerException
at com.obsqura.ServiceApp.Base.browserQuit(Base.java:72)
at java.util.ArrayList.forEach(ArrayList.java:1257)
... Removed 37 stack frames]]>
    </failure>
  </testcase> <!-- @AfterMethod browserQuit -->
  <testcase name="@BeforeMethod InitializeBrowser" time="-1.675307805021E9" classname="com.obsqura.ServiceApp.Base">
    <failure type="org.testng.TestNGException" message="
Parameter &amp;apos;browser&amp;apos; is required by BeforeMethod on method InitializeBrowser but has not been marked @Optional or defined
">
      <![CDATA[org.testng.TestNGException: 
Parameter 'browser' is required by BeforeMethod on method InitializeBrowser but has not been marked @Optional or defined

at java.util.ArrayList.forEach(ArrayList.java:1257)
... Removed 33 stack frames]]>
    </failure>
  </testcase> <!-- @BeforeMethod InitializeBrowser -->
  <testcase name="@AfterMethod browserQuit" time="0.001" classname="com.obsqura.ServiceApp.Base">
    <failure type="java.lang.NullPointerException">
      <![CDATA[java.lang.NullPointerException
at com.obsqura.ServiceApp.Base.browserQuit(Base.java:72)
at java.util.ArrayList.forEach(ArrayList.java:1257)
... Removed 37 stack frames]]>
    </failure>
  </testcase> <!-- @AfterMethod browserQuit -->
  <testcase name="@BeforeMethod InitializeBrowser" time="-1.675307805023E9" classname="com.obsqura.ServiceApp.Base">
    <failure type="org.testng.TestNGException" message="
Parameter &amp;apos;browser&amp;apos; is required by BeforeMethod on method InitializeBrowser but has not been marked @Optional or defined
">
      <![CDATA[org.testng.TestNGException: 
Parameter 'browser' is required by BeforeMethod on method InitializeBrowser but has not been marked @Optional or defined

at java.util.ArrayList.forEach(ArrayList.java:1257)
... Removed 33 stack frames]]>
    </failure>
  </testcase> <!-- @BeforeMethod InitializeBrowser -->
  <testcase name="@AfterMethod browserQuit" time="0.0" classname="com.obsqura.ServiceApp.Base">
    <failure type="java.lang.NullPointerException">
      <![CDATA[java.lang.NullPointerException
at com.obsqura.ServiceApp.Base.browserQuit(Base.java:72)
at java.util.ArrayList.forEach(ArrayList.java:1257)
... Removed 37 stack frames]]>
    </failure>
  </testcase> <!-- @AfterMethod browserQuit -->
  <testcase name="@BeforeMethod InitializeBrowser" time="-1.675307805026E9" classname="com.obsqura.ServiceApp.Base">
    <failure type="org.testng.TestNGException" message="
Parameter &amp;apos;browser&amp;apos; is required by BeforeMethod on method InitializeBrowser but has not been marked @Optional or defined
">
      <![CDATA[org.testng.TestNGException: 
Parameter 'browser' is required by BeforeMethod on method InitializeBrowser but has not been marked @Optional or defined

at java.util.ArrayList.forEach(ArrayList.java:1257)
... Removed 33 stack frames]]>
    </failure>
  </testcase> <!-- @BeforeMethod InitializeBrowser -->
  <testcase name="@AfterMethod browserQuit" time="0.001" classname="com.obsqura.ServiceApp.Base">
    <failure type="java.lang.NullPointerException">
      <![CDATA[java.lang.NullPointerException
at com.obsqura.ServiceApp.Base.browserQuit(Base.java:72)
at java.util.ArrayList.forEach(ArrayList.java:1257)
... Removed 37 stack frames]]>
    </failure>
  </testcase> <!-- @AfterMethod browserQuit -->
  <testcase name="@BeforeMethod InitializeBrowser" time="-1.675307805036E9" classname="com.obsqura.ServiceApp.Base">
    <failure type="org.testng.TestNGException" message="
Parameter &amp;apos;browser&amp;apos; is required by BeforeMethod on method InitializeBrowser but has not been marked @Optional or defined
">
      <![CDATA[org.testng.TestNGException: 
Parameter 'browser' is required by BeforeMethod on method InitializeBrowser but has not been marked @Optional or defined

at java.util.ArrayList.forEach(ArrayList.java:1257)
... Removed 33 stack frames]]>
    </failure>
  </testcase> <!-- @BeforeMethod InitializeBrowser -->
  <testcase name="@AfterMethod browserQuit" time="0.001" classname="com.obsqura.ServiceApp.Base">
    <failure type="java.lang.NullPointerException">
      <![CDATA[java.lang.NullPointerException
at com.obsqura.ServiceApp.Base.browserQuit(Base.java:72)
at java.util.ArrayList.forEach(ArrayList.java:1257)
... Removed 37 stack frames]]>
    </failure>
  </testcase> <!-- @AfterMethod browserQuit -->
  <testcase name="@BeforeMethod InitializeBrowser" time="-1.675307805039E9" classname="com.obsqura.ServiceApp.Base">
    <failure type="org.testng.TestNGException" message="
Parameter &amp;apos;browser&amp;apos; is required by BeforeMethod on method InitializeBrowser but has not been marked @Optional or defined
">
      <![CDATA[org.testng.TestNGException: 
Parameter 'browser' is required by BeforeMethod on method InitializeBrowser but has not been marked @Optional or defined

at java.util.ArrayList.forEach(ArrayList.java:1257)
... Removed 33 stack frames]]>
    </failure>
  </testcase> <!-- @BeforeMethod InitializeBrowser -->
  <testcase name="@AfterMethod browserQuit" time="0.0" classname="com.obsqura.ServiceApp.Base">
    <failure type="java.lang.NullPointerException">
      <![CDATA[java.lang.NullPointerException
at com.obsqura.ServiceApp.Base.browserQuit(Base.java:72)
at java.util.ArrayList.forEach(ArrayList.java:1257)
... Removed 37 stack frames]]>
    </failure>
  </testcase> <!-- @AfterMethod browserQuit -->
  <testcase name="@BeforeMethod InitializeBrowser" time="-1.675307805043E9" classname="com.obsqura.ServiceApp.Base">
    <failure type="org.testng.TestNGException" message="
Parameter &amp;apos;browser&amp;apos; is required by BeforeMethod on method InitializeBrowser but has not been marked @Optional or defined
">
      <![CDATA[org.testng.TestNGException: 
Parameter 'browser' is required by BeforeMethod on method InitializeBrowser but has not been marked @Optional or defined

at java.util.ArrayList.forEach(ArrayList.java:1257)
... Removed 33 stack frames]]>
    </failure>
  </testcase> <!-- @BeforeMethod InitializeBrowser -->
  <testcase name="@AfterMethod browserQuit" time="0.001" classname="com.obsqura.ServiceApp.Base">
    <failure type="java.lang.NullPointerException">
      <![CDATA[java.lang.NullPointerException
at com.obsqura.ServiceApp.Base.browserQuit(Base.java:72)
at java.util.ArrayList.forEach(ArrayList.java:1257)
... Removed 37 stack frames]]>
    </failure>
  </testcase> <!-- @AfterMethod browserQuit -->
  <testcase name="@BeforeMethod InitializeBrowser" time="-1.675307805049E9" classname="com.obsqura.ServiceApp.Base">
    <failure type="org.testng.TestNGException" message="
Parameter &amp;apos;browser&amp;apos; is required by BeforeMethod on method InitializeBrowser but has not been marked @Optional or defined
">
      <![CDATA[org.testng.TestNGException: 
Parameter 'browser' is required by BeforeMethod on method InitializeBrowser but has not been marked @Optional or defined

at java.util.ArrayList.forEach(ArrayList.java:1257)
... Removed 33 stack frames]]>
    </failure>
  </testcase> <!-- @BeforeMethod InitializeBrowser -->
  <testcase name="@AfterMethod browserQuit" time="0.001" classname="com.obsqura.ServiceApp.Base">
    <failure type="java.lang.NullPointerException">
      <![CDATA[java.lang.NullPointerException
at com.obsqura.ServiceApp.Base.browserQuit(Base.java:72)
at java.util.ArrayList.forEach(ArrayList.java:1257)
... Removed 37 stack frames]]>
    </failure>
  </testcase> <!-- @AfterMethod browserQuit -->
  <testcase name="@BeforeMethod InitializeBrowser" time="-1.675307805053E9" classname="com.obsqura.ServiceApp.Base">
    <failure type="org.testng.TestNGException" message="
Parameter &amp;apos;browser&amp;apos; is required by BeforeMethod on method InitializeBrowser but has not been marked @Optional or defined
">
      <![CDATA[org.testng.TestNGException: 
Parameter 'browser' is required by BeforeMethod on method InitializeBrowser but has not been marked @Optional or defined

at java.util.ArrayList.forEach(ArrayList.java:1257)
... Removed 33 stack frames]]>
    </failure>
  </testcase> <!-- @BeforeMethod InitializeBrowser -->
  <testcase name="@AfterMethod browserQuit" time="0.001" classname="com.obsqura.ServiceApp.Base">
    <failure type="java.lang.NullPointerException">
      <![CDATA[java.lang.NullPointerException
at com.obsqura.ServiceApp.Base.browserQuit(Base.java:72)
at java.util.ArrayList.forEach(ArrayList.java:1257)
... Removed 37 stack frames]]>
    </failure>
  </testcase> <!-- @AfterMethod browserQuit -->
  <testcase name="@BeforeMethod InitializeBrowser" time="-1.675307805056E9" classname="com.obsqura.ServiceApp.Base">
    <failure type="org.testng.TestNGException" message="
Parameter &amp;apos;browser&amp;apos; is required by BeforeMethod on method InitializeBrowser but has not been marked @Optional or defined
">
      <![CDATA[org.testng.TestNGException: 
Parameter 'browser' is required by BeforeMethod on method InitializeBrowser but has not been marked @Optional or defined

at java.util.ArrayList.forEach(ArrayList.java:1257)
... Removed 33 stack frames]]>
    </failure>
  </testcase> <!-- @BeforeMethod InitializeBrowser -->
  <testcase name="@AfterMethod browserQuit" time="0.0" classname="com.obsqura.ServiceApp.Base">
    <failure type="java.lang.NullPointerException">
      <![CDATA[java.lang.NullPointerException
at com.obsqura.ServiceApp.Base.browserQuit(Base.java:72)
at java.util.ArrayList.forEach(ArrayList.java:1257)
... Removed 37 stack frames]]>
    </failure>
  </testcase> <!-- @AfterMethod browserQuit -->
  <testcase name="@BeforeMethod InitializeBrowser" time="-1.675307805058E9" classname="com.obsqura.ServiceApp.Base">
    <failure type="org.testng.TestNGException" message="
Parameter &amp;apos;browser&amp;apos; is required by BeforeMethod on method InitializeBrowser but has not been marked @Optional or defined
">
      <![CDATA[org.testng.TestNGException: 
Parameter 'browser' is required by BeforeMethod on method InitializeBrowser but has not been marked @Optional or defined

at java.util.ArrayList.forEach(ArrayList.java:1257)
... Removed 33 stack frames]]>
    </failure>
  </testcase> <!-- @BeforeMethod InitializeBrowser -->
  <testcase name="@AfterMethod browserQuit" time="0.002" classname="com.obsqura.ServiceApp.Base">
    <failure type="java.lang.NullPointerException">
      <![CDATA[java.lang.NullPointerException
at com.obsqura.ServiceApp.Base.browserQuit(Base.java:72)
at java.util.ArrayList.forEach(ArrayList.java:1257)
... Removed 37 stack frames]]>
    </failure>
  </testcase> <!-- @AfterMethod browserQuit -->
  <testcase name="@BeforeMethod InitializeBrowser" time="-1.675307805064E9" classname="com.obsqura.ServiceApp.Base">
    <failure type="org.testng.TestNGException" message="
Parameter &amp;apos;browser&amp;apos; is required by BeforeMethod on method InitializeBrowser but has not been marked @Optional or defined
">
      <![CDATA[org.testng.TestNGException: 
Parameter 'browser' is required by BeforeMethod on method InitializeBrowser but has not been marked @Optional or defined

at java.util.ArrayList.forEach(ArrayList.java:1257)
... Removed 33 stack frames]]>
    </failure>
  </testcase> <!-- @BeforeMethod InitializeBrowser -->
  <testcase name="@AfterMethod browserQuit" time="0.001" classname="com.obsqura.ServiceApp.Base">
    <failure type="java.lang.NullPointerException">
      <![CDATA[java.lang.NullPointerException
at com.obsqura.ServiceApp.Base.browserQuit(Base.java:72)
at java.util.ArrayList.forEach(ArrayList.java:1257)
... Removed 36 stack frames]]>
    </failure>
  </testcase> <!-- @AfterMethod browserQuit -->
  <testcase name="@BeforeMethod InitializeBrowser" time="-1.675307805067E9" classname="com.obsqura.ServiceApp.Base">
    <failure type="org.testng.TestNGException" message="
Parameter &amp;apos;browser&amp;apos; is required by BeforeMethod on method InitializeBrowser but has not been marked @Optional or defined
">
      <![CDATA[org.testng.TestNGException: 
Parameter 'browser' is required by BeforeMethod on method InitializeBrowser but has not been marked @Optional or defined

at java.util.ArrayList.forEach(ArrayList.java:1257)
... Removed 33 stack frames]]>
    </failure>
  </testcase> <!-- @BeforeMethod InitializeBrowser -->
  <testcase name="@AfterMethod browserQuit" time="0.0" classname="com.obsqura.ServiceApp.Base">
    <failure type="java.lang.NullPointerException">
      <![CDATA[java.lang.NullPointerException
at com.obsqura.ServiceApp.Base.browserQuit(Base.java:72)
at java.util.ArrayList.forEach(ArrayList.java:1257)
... Removed 36 stack frames]]>
    </failure>
  </testcase> <!-- @AfterMethod browserQuit -->
  <testcase name="@BeforeMethod InitializeBrowser" time="-1.67530780507E9" classname="com.obsqura.ServiceApp.Base">
    <failure type="org.testng.TestNGException" message="
Parameter &amp;apos;browser&amp;apos; is required by BeforeMethod on method InitializeBrowser but has not been marked @Optional or defined
">
      <![CDATA[org.testng.TestNGException: 
Parameter 'browser' is required by BeforeMethod on method InitializeBrowser but has not been marked @Optional or defined

at java.util.ArrayList.forEach(ArrayList.java:1257)
... Removed 33 stack frames]]>
    </failure>
  </testcase> <!-- @BeforeMethod InitializeBrowser -->
  <testcase name="@AfterMethod browserQuit" time="0.001" classname="com.obsqura.ServiceApp.Base">
    <failure type="java.lang.NullPointerException">
      <![CDATA[java.lang.NullPointerException
at com.obsqura.ServiceApp.Base.browserQuit(Base.java:72)
at java.util.ArrayList.forEach(ArrayList.java:1257)
... Removed 36 stack frames]]>
    </failure>
  </testcase> <!-- @AfterMethod browserQuit -->
  <testcase name="@BeforeMethod InitializeBrowser" time="-1.675307805073E9" classname="com.obsqura.ServiceApp.Base">
    <failure type="org.testng.TestNGException" message="
Parameter &amp;apos;browser&amp;apos; is required by BeforeMethod on method InitializeBrowser but has not been marked @Optional or defined
">
      <![CDATA[org.testng.TestNGException: 
Parameter 'browser' is required by BeforeMethod on method InitializeBrowser but has not been marked @Optional or defined

at java.util.ArrayList.forEach(ArrayList.java:1257)
... Removed 33 stack frames]]>
    </failure>
  </testcase> <!-- @BeforeMethod InitializeBrowser -->
  <testcase name="@AfterMethod browserQuit" time="0.002" classname="com.obsqura.ServiceApp.Base">
    <failure type="java.lang.NullPointerException">
      <![CDATA[java.lang.NullPointerException
at com.obsqura.ServiceApp.Base.browserQuit(Base.java:72)
at java.util.ArrayList.forEach(ArrayList.java:1257)
... Removed 36 stack frames]]>
    </failure>
  </testcase> <!-- @AfterMethod browserQuit -->
  <testcase name="@BeforeMethod InitializeBrowser" time="-1.675307805076E9" classname="com.obsqura.ServiceApp.Base">
    <failure type="org.testng.TestNGException" message="
Parameter &amp;apos;browser&amp;apos; is required by BeforeMethod on method InitializeBrowser but has not been marked @Optional or defined
">
      <![CDATA[org.testng.TestNGException: 
Parameter 'browser' is required by BeforeMethod on method InitializeBrowser but has not been marked @Optional or defined

at java.util.ArrayList.forEach(ArrayList.java:1257)
... Removed 33 stack frames]]>
    </failure>
  </testcase> <!-- @BeforeMethod InitializeBrowser -->
  <testcase name="@AfterMethod browserQuit" time="0.001" classname="com.obsqura.ServiceApp.Base">
    <failure type="java.lang.NullPointerException">
      <![CDATA[java.lang.NullPointerException
at com.obsqura.ServiceApp.Base.browserQuit(Base.java:72)
at java.util.ArrayList.forEach(ArrayList.java:1257)
... Removed 36 stack frames]]>
    </failure>
  </testcase> <!-- @AfterMethod browserQuit -->
  <testcase name="@BeforeMethod InitializeBrowser" time="-1.675307805081E9" classname="com.obsqura.ServiceApp.Base">
    <failure type="org.testng.TestNGException" message="
Parameter &amp;apos;browser&amp;apos; is required by BeforeMethod on method InitializeBrowser but has not been marked @Optional or defined
">
      <![CDATA[org.testng.TestNGException: 
Parameter 'browser' is required by BeforeMethod on method InitializeBrowser but has not been marked @Optional or defined

at java.util.ArrayList.forEach(ArrayList.java:1257)
... Removed 33 stack frames]]>
    </failure>
  </testcase> <!-- @BeforeMethod InitializeBrowser -->
  <testcase name="@AfterMethod browserQuit" time="0.001" classname="com.obsqura.ServiceApp.Base">
    <failure type="java.lang.NullPointerException">
      <![CDATA[java.lang.NullPointerException
at com.obsqura.ServiceApp.Base.browserQuit(Base.java:72)
at java.util.ArrayList.forEach(ArrayList.java:1257)
... Removed 36 stack frames]]>
    </failure>
  </testcase> <!-- @AfterMethod browserQuit -->
  <testcase name="@BeforeMethod InitializeBrowser" time="-1.675307805085E9" classname="com.obsqura.ServiceApp.Base">
    <failure type="org.testng.TestNGException" message="
Parameter &amp;apos;browser&amp;apos; is required by BeforeMethod on method InitializeBrowser but has not been marked @Optional or defined
">
      <![CDATA[org.testng.TestNGException: 
Parameter 'browser' is required by BeforeMethod on method InitializeBrowser but has not been marked @Optional or defined

at java.util.ArrayList.forEach(ArrayList.java:1257)
... Removed 33 stack frames]]>
    </failure>
  </testcase> <!-- @BeforeMethod InitializeBrowser -->
  <testcase name="@AfterMethod browserQuit" time="0.0" classname="com.obsqura.ServiceApp.Base">
    <failure type="java.lang.NullPointerException">
      <![CDATA[java.lang.NullPointerException
at com.obsqura.ServiceApp.Base.browserQuit(Base.java:72)
at java.util.ArrayList.forEach(ArrayList.java:1257)
... Removed 36 stack frames]]>
    </failure>
  </testcase> <!-- @AfterMethod browserQuit -->
  <testcase name="@BeforeMethod InitializeBrowser" time="-1.675307805089E9" classname="com.obsqura.ServiceApp.Base">
    <failure type="org.testng.TestNGException" message="
Parameter &amp;apos;browser&amp;apos; is required by BeforeMethod on method InitializeBrowser but has not been marked @Optional or defined
">
      <![CDATA[org.testng.TestNGException: 
Parameter 'browser' is required by BeforeMethod on method InitializeBrowser but has not been marked @Optional or defined

at java.util.ArrayList.forEach(ArrayList.java:1257)
... Removed 33 stack frames]]>
    </failure>
  </testcase> <!-- @BeforeMethod InitializeBrowser -->
  <testcase name="@AfterMethod browserQuit" time="0.0" classname="com.obsqura.ServiceApp.Base">
    <failure type="java.lang.NullPointerException">
      <![CDATA[java.lang.NullPointerException
at com.obsqura.ServiceApp.Base.browserQuit(Base.java:72)
at java.util.ArrayList.forEach(ArrayList.java:1257)
... Removed 36 stack frames]]>
    </failure>
  </testcase> <!-- @AfterMethod browserQuit -->
  <testcase name="@BeforeMethod InitializeBrowser" time="-1.675307805091E9" classname="com.obsqura.ServiceApp.Base">
    <failure type="org.testng.TestNGException" message="
Parameter &amp;apos;browser&amp;apos; is required by BeforeMethod on method InitializeBrowser but has not been marked @Optional or defined
">
      <![CDATA[org.testng.TestNGException: 
Parameter 'browser' is required by BeforeMethod on method InitializeBrowser but has not been marked @Optional or defined

at java.util.ArrayList.forEach(ArrayList.java:1257)
... Removed 33 stack frames]]>
    </failure>
  </testcase> <!-- @BeforeMethod InitializeBrowser -->
  <testcase name="@AfterMethod browserQuit" time="0.0" classname="com.obsqura.ServiceApp.Base">
    <failure type="java.lang.NullPointerException">
      <![CDATA[java.lang.NullPointerException
at com.obsqura.ServiceApp.Base.browserQuit(Base.java:72)
at java.util.ArrayList.forEach(ArrayList.java:1257)
... Removed 36 stack frames]]>
    </failure>
  </testcase> <!-- @AfterMethod browserQuit -->
  <testcase name="@BeforeMethod InitializeBrowser" time="-1.675307805093E9" classname="com.obsqura.ServiceApp.Base">
    <failure type="org.testng.TestNGException" message="
Parameter &amp;apos;browser&amp;apos; is required by BeforeMethod on method InitializeBrowser but has not been marked @Optional or defined
">
      <![CDATA[org.testng.TestNGException: 
Parameter 'browser' is required by BeforeMethod on method InitializeBrowser but has not been marked @Optional or defined

at java.util.ArrayList.forEach(ArrayList.java:1257)
... Removed 33 stack frames]]>
    </failure>
  </testcase> <!-- @BeforeMethod InitializeBrowser -->
  <testcase name="@AfterMethod browserQuit" time="0.001" classname="com.obsqura.ServiceApp.Base">
    <failure type="java.lang.NullPointerException">
      <![CDATA[java.lang.NullPointerException
at com.obsqura.ServiceApp.Base.browserQuit(Base.java:72)
at java.util.ArrayList.forEach(ArrayList.java:1257)
... Removed 36 stack frames]]>
    </failure>
  </testcase> <!-- @AfterMethod browserQuit -->
  <testcase name="@BeforeMethod InitializeBrowser" time="-1.675307805098E9" classname="com.obsqura.ServiceApp.Base">
    <failure type="org.testng.TestNGException" message="
Parameter &amp;apos;browser&amp;apos; is required by BeforeMethod on method InitializeBrowser but has not been marked @Optional or defined
">
      <![CDATA[org.testng.TestNGException: 
Parameter 'browser' is required by BeforeMethod on method InitializeBrowser but has not been marked @Optional or defined

at java.util.ArrayList.forEach(ArrayList.java:1257)
... Removed 33 stack frames]]>
    </failure>
  </testcase> <!-- @BeforeMethod InitializeBrowser -->
  <testcase name="@AfterMethod browserQuit" time="0.001" classname="com.obsqura.ServiceApp.Base">
    <failure type="java.lang.NullPointerException">
      <![CDATA[java.lang.NullPointerException
at com.obsqura.ServiceApp.Base.browserQuit(Base.java:72)
at java.util.ArrayList.forEach(ArrayList.java:1257)
... Removed 36 stack frames]]>
    </failure>
  </testcase> <!-- @AfterMethod browserQuit -->
  <testcase name="@BeforeMethod InitializeBrowser" time="-1.675307805101E9" classname="com.obsqura.ServiceApp.Base">
    <failure type="org.testng.TestNGException" message="
Parameter &amp;apos;browser&amp;apos; is required by BeforeMethod on method InitializeBrowser but has not been marked @Optional or defined
">
      <![CDATA[org.testng.TestNGException: 
Parameter 'browser' is required by BeforeMethod on method InitializeBrowser but has not been marked @Optional or defined

at java.util.ArrayList.forEach(ArrayList.java:1257)
... Removed 33 stack frames]]>
    </failure>
  </testcase> <!-- @BeforeMethod InitializeBrowser -->
  <testcase name="@AfterMethod browserQuit" time="0.001" classname="com.obsqura.ServiceApp.Base">
    <failure type="java.lang.NullPointerException">
      <![CDATA[java.lang.NullPointerException
at com.obsqura.ServiceApp.Base.browserQuit(Base.java:72)
at java.util.ArrayList.forEach(ArrayList.java:1257)
... Removed 36 stack frames]]>
    </failure>
  </testcase> <!-- @AfterMethod browserQuit -->
  <testcase name="@BeforeMethod InitializeBrowser" time="-1.675307805103E9" classname="com.obsqura.ServiceApp.Base">
    <failure type="org.testng.TestNGException" message="
Parameter &amp;apos;browser&amp;apos; is required by BeforeMethod on method InitializeBrowser but has not been marked @Optional or defined
">
      <![CDATA[org.testng.TestNGException: 
Parameter 'browser' is required by BeforeMethod on method InitializeBrowser but has not been marked @Optional or defined

at java.util.ArrayList.forEach(ArrayList.java:1257)
... Removed 33 stack frames]]>
    </failure>
  </testcase> <!-- @BeforeMethod InitializeBrowser -->
  <testcase name="@AfterMethod browserQuit" time="0.0" classname="com.obsqura.ServiceApp.Base">
    <failure type="java.lang.NullPointerException">
      <![CDATA[java.lang.NullPointerException
at com.obsqura.ServiceApp.Base.browserQuit(Base.java:72)
at java.util.ArrayList.forEach(ArrayList.java:1257)
... Removed 36 stack frames]]>
    </failure>
  </testcase> <!-- @AfterMethod browserQuit -->
  <testcase name="@BeforeMethod InitializeBrowser" time="-1.675307805105E9" classname="com.obsqura.ServiceApp.Base">
    <failure type="org.testng.TestNGException" message="
Parameter &amp;apos;browser&amp;apos; is required by BeforeMethod on method InitializeBrowser but has not been marked @Optional or defined
">
      <![CDATA[org.testng.TestNGException: 
Parameter 'browser' is required by BeforeMethod on method InitializeBrowser but has not been marked @Optional or defined

at java.util.ArrayList.forEach(ArrayList.java:1257)
... Removed 33 stack frames]]>
    </failure>
  </testcase> <!-- @BeforeMethod InitializeBrowser -->
  <testcase name="@AfterMethod browserQuit" time="0.001" classname="com.obsqura.ServiceApp.Base">
    <failure type="java.lang.NullPointerException">
      <![CDATA[java.lang.NullPointerException
at com.obsqura.ServiceApp.Base.browserQuit(Base.java:72)
at java.util.ArrayList.forEach(ArrayList.java:1257)
... Removed 36 stack frames]]>
    </failure>
  </testcase> <!-- @AfterMethod browserQuit -->
  <testcase name="verifyThatUserIsAbleToAddClient" time="0.0" classname="com.obsqura.testscripts.ClientTest">
    <skipped/>
  </testcase> <!-- verifyThatUserIsAbleToAddClient -->
  <testcase name="verifyUserIsableToAddClientDetailsWithoutClientName" time="0.0" classname="com.obsqura.testscripts.ClientTest">
    <skipped/>
  </testcase> <!-- verifyUserIsableToAddClientDetailsWithoutClientName -->
  <testcase name="verifyingShowButtonGivesCorrectNumberOfRows" time="0.0" classname="com.obsqura.testscripts.ClientTest">
    <skipped/>
  </testcase> <!-- verifyingShowButtonGivesCorrectNumberOfRows -->
  <testcase name="vrifyUserIsAbleToNavigateToNextPageOnClickingNextOptionVerification" time="0.0" classname="com.obsqura.testscripts.ClientTest">
    <skipped/>
  </testcase> <!-- vrifyUserIsAbleToNavigateToNextPageOnClickingNextOptionVerification -->
  <testcase name="verifyQuickEmailFieldWithoutEmail" time="0.0" classname="com.obsqura.testscripts.HomeTest">
    <skipped/>
  </testcase> <!-- verifyQuickEmailFieldWithoutEmail -->
  <testcase name="verifyQuickEmailFieldWithoutMsg" time="0.0" classname="com.obsqura.testscripts.HomeTest">
    <skipped/>
  </testcase> <!-- verifyQuickEmailFieldWithoutMsg -->
  <testcase name="verifyQuickEmailFieldWithoutSubject" time="0.0" classname="com.obsqura.testscripts.HomeTest">
    <skipped/>
  </testcase> <!-- verifyQuickEmailFieldWithoutSubject -->
  <testcase name="verifyQuickSMSFieldWithoutMsg" time="0.0" classname="com.obsqura.testscripts.HomeTest">
    <skipped/>
  </testcase> <!-- verifyQuickSMSFieldWithoutMsg -->
  <testcase name="verifyThatUserIsAbleToNavigateToQualityAlertPage" time="0.0" classname="com.obsqura.testscripts.HomeTest">
    <skipped/>
  </testcase> <!-- verifyThatUserIsAbleToNavigateToQualityAlertPage -->
  <testcase name="verifyUserIsAbleTNavigateToClientPage" time="0.0" classname="com.obsqura.testscripts.HomeTest">
    <skipped/>
  </testcase> <!-- verifyUserIsAbleTNavigateToClientPage -->
  <testcase name="verifyUserIsAbleTNavigateToInventoryPage" time="0.0" classname="com.obsqura.testscripts.HomeTest">
    <skipped/>
  </testcase> <!-- verifyUserIsAbleTNavigateToInventoryPage -->
  <testcase name="verifyUserIsAbleTNavigateToReparationPage" time="0.001" classname="com.obsqura.testscripts.HomeTest">
    <skipped/>
  </testcase> <!-- verifyUserIsAbleTNavigateToReparationPage -->
  <testcase name="verifyAddInventoryProduct" time="0.0" classname="com.obsqura.testscripts.InventoryTest">
    <skipped/>
  </testcase> <!-- verifyAddInventoryProduct -->
  <testcase name="verifyExportFileWithoutSelectingProduct" time="0.0" classname="com.obsqura.testscripts.InventoryTest">
    <skipped/>
  </testcase> <!-- verifyExportFileWithoutSelectingProduct -->
  <testcase name="verifyUserIsAbleToNavigateToNextPageOnClickingNextOption" time="0.0" classname="com.obsqura.testscripts.InventoryTest">
    <skipped/>
  </testcase> <!-- verifyUserIsAbleToNavigateToNextPageOnClickingNextOption -->
  <testcase name="verifyrowCountWithSameName" time="0.0" classname="com.obsqura.testscripts.InventoryTest">
    <skipped/>
  </testcase> <!-- verifyrowCountWithSameName -->
  <testcase name="verifyuserIsAbleToEditInventoryProduct" time="0.0" classname="com.obsqura.testscripts.InventoryTest">
    <skipped/>
  </testcase> <!-- verifyuserIsAbleToEditInventoryProduct -->
  <testcase name="verifyUserIsAbleToLogin" time="0.0" classname="com.obsqura.testscripts.LoginAccountTest">
    <skipped/>
  </testcase> <!-- verifyUserIsAbleToLogin -->
  <testcase name="verifyLoginWithWrongPassword" time="0.0" classname="com.obsqura.testscripts.LoginAccountTest">
    <skipped/>
  </testcase> <!-- verifyLoginWithWrongPassword -->
  <testcase name="verifyLoginWithWrongUsername" time="0.0" classname="com.obsqura.testscripts.LoginAccountTest">
    <skipped/>
  </testcase> <!-- verifyLoginWithWrongUsername -->
  <testcase name="verifyForgotPassword" time="0.0" classname="com.obsqura.testscripts.LoginAccountTest">
    <skipped/>
  </testcase> <!-- verifyForgotPassword -->
  <testcase name="verifyBackToLogin" time="0.002" classname="com.obsqura.testscripts.LoginAccountTest">
    <skipped/>
  </testcase> <!-- verifyBackToLogin -->
  <testcase name="verifyUserIsAbleToLogOut" time="0.0" classname="com.obsqura.testscripts.LoginAccountTest">
    <skipped/>
  </testcase> <!-- verifyUserIsAbleToLogOut -->
  <testcase name="verifyCorrectNumberOfRowsAreShownOnSelectingShowButton" time="0.0" classname="com.obsqura.testscripts.ReparationTest">
    <skipped/>
  </testcase> <!-- verifyCorrectNumberOfRowsAreShownOnSelectingShowButton -->
  <testcase name="verifyThatauserIsAbleTodownloadReparationExcelSheet" time="0.0" classname="com.obsqura.testscripts.ReparationTest">
    <skipped/>
  </testcase> <!-- verifyThatauserIsAbleTodownloadReparationExcelSheet -->
  <testcase name="verifycolumnVisibility" time="0.001" classname="com.obsqura.testscripts.ReparationTest">
    <skipped/>
  </testcase> <!-- verifycolumnVisibility -->
  <testcase name="verifyRowCountWithSameName" time="0.0" classname="com.obsqura.testscripts.ReparationTest">
    <skipped/>
  </testcase> <!-- verifyRowCountWithSameName -->
  <testcase name="verifyTotalCompletedRepairRows" time="0.0" classname="com.obsqura.testscripts.ReparationTest">
    <skipped/>
  </testcase> <!-- verifyTotalCompletedRepairRows -->
  <testcase name="verifycolumnNumber" time="0.001" classname="com.obsqura.testscripts.ReparationTest">
    <skipped/>
  </testcase> <!-- verifycolumnNumber -->
  <testcase name="rowNumberInShowButtonVerificationForPendingRepairs" time="0.0" classname="com.obsqura.testscripts.ReparationTest">
    <skipped/>
  </testcase> <!-- rowNumberInShowButtonVerificationForPendingRepairs -->
</testsuite> <!-- Surefire test -->
